<?xml version="1.0" encoding="UTF-8"?>
<!-- Generated by org.testng.reporters.JUnitReportReporter -->
<testsuite hostname="DESKTOP-9DH2IHA" failures="0" tests="2" name="Academy.HomePage" time="11.335" errors="0" timestamp="4 Nov 2020 15:17:55 GMT">
  <testcase classname="Academy.HomePage" name="basePageNavigation" time="8.207"/>
  <testcase classname="Academy.HomePage" name="basePageNavigation" time="3.128"/>
</testsuite> <!-- Academy.HomePage -->
