<?xml version="1.0" encoding="UTF-8"?>
<!-- Generated by org.testng.reporters.JUnitReportReporter -->
<testsuite hostname="DESKTOP-9DH2IHA" failures="0" tests="1" name="Academy.validateNavigationBar" time="0.057" errors="0" timestamp="19 Oct 2020 15:30:58 GMT">
  <testcase classname="Academy.validateNavigationBar" name="validateAppNavBar" time="0.057"/>
</testsuite> <!-- Academy.validateNavigationBar -->
